Analysis & Elaboration report for Relogio
Sat Oct 10 19:25:26 2020
Quartus Prime Version 20.1.0 Build 711 06/05/2020 SJ Lite Edition


---------------------
; Table of Contents ;
---------------------
  1. Legal Notice
  2. Analysis & Elaboration Summary
  3. Parallel Compilation
  4. Analysis & Elaboration Settings
  5. Analysis & Elaboration Messages



----------------
; Legal Notice ;
----------------
Copyright (C) 2020  Intel Corporation. All rights reserved.
Your use of Intel Corporation's design tools, logic functions 
and other software and tools, and any partner logic 
functions, and any output files from any of the foregoing 
(including device programming or simulation files), and any 
associated documentation or information are expressly subject 
to the terms and conditions of the Intel Program License 
Subscription Agreement, the Intel Quartus Prime License Agreement,
the Intel FPGA IP License Agreement, or other applicable license
agreement, including, without limitation, that your use is for
the sole purpose of programming logic devices manufactured by
Intel and sold by Intel or its authorized distributors.  Please
refer to the applicable agreement for further details, at
https://fpgasoftware.intel.com/eula.



+-----------------------------------------------------------------------------+
; Analysis & Elaboration Summary                                              ;
+-------------------------------+---------------------------------------------+
; Analysis & Elaboration Status ; Failed - Sat Oct 10 19:25:26 2020           ;
; Quartus Prime Version         ; 20.1.0 Build 711 06/05/2020 SJ Lite Edition ;
; Revision Name                 ; Relogio                                     ;
; Top-level Entity Name         ; Relogio                                     ;
; Family                        ; Cyclone V                                   ;
; Logic utilization (in ALMs)   ; N/A until Partition Merge                   ;
; Total registers               ; N/A until Partition Merge                   ;
; Total pins                    ; N/A until Partition Merge                   ;
; Total virtual pins            ; N/A until Partition Merge                   ;
; Total block memory bits       ; N/A until Partition Merge                   ;
; Total PLLs                    ; N/A until Partition Merge                   ;
; Total DLLs                    ; N/A until Partition Merge                   ;
+-------------------------------+---------------------------------------------+


+------------------------------------------+
; Parallel Compilation                     ;
+----------------------------+-------------+
; Processors                 ; Number      ;
+----------------------------+-------------+
; Number detected on machine ; 4           ;
; Maximum allowed            ; 2           ;
;                            ;             ;
; Average used               ; 1.00        ;
; Maximum used               ; 1           ;
;                            ;             ;
; Usage by Processor         ; % Time Used ;
;     Processor 1            ; 100.0%      ;
+----------------------------+-------------+


+---------------------------------------------------------------------------------------------------------------------------+
; Analysis & Elaboration Settings                                                                                           ;
+---------------------------------------------------------------------------------+--------------------+--------------------+
; Option                                                                          ; Setting            ; Default Value      ;
+---------------------------------------------------------------------------------+--------------------+--------------------+
; Device                                                                          ; 5CEBA4F23C7        ;                    ;
; Top-level entity name                                                           ; Relogio            ; Relogio            ;
; Family name                                                                     ; Cyclone V          ; Cyclone V          ;
; Maximum processors allowed for parallel compilation                             ; All                ;                    ;
; VHDL Show LMF Mapping Messages                                                  ; Off                ;                    ;
; VHDL Version                                                                    ; VHDL_2008          ; VHDL_1993          ;
; Use smart compilation                                                           ; Off                ; Off                ;
; Enable parallel Assembler and Timing Analyzer during compilation                ; On                 ; On                 ;
; Enable compact report table                                                     ; Off                ; Off                ;
; Restructure Multiplexers                                                        ; Auto               ; Auto               ;
; MLAB Add Timing Constraints For Mixed-Port Feed-Through Mode Setting Don't Care ; Off                ; Off                ;
; Create Debugging Nodes for IP Cores                                             ; Off                ; Off                ;
; Preserve fewer node names                                                       ; On                 ; On                 ;
; Intel FPGA IP Evaluation Mode                                                   ; Enable             ; Enable             ;
; Verilog Version                                                                 ; Verilog_2001       ; Verilog_2001       ;
; State Machine Processing                                                        ; Auto               ; Auto               ;
; Safe State Machine                                                              ; Off                ; Off                ;
; Extract Verilog State Machines                                                  ; On                 ; On                 ;
; Extract VHDL State Machines                                                     ; On                 ; On                 ;
; Ignore Verilog initial constructs                                               ; Off                ; Off                ;
; Iteration limit for constant Verilog loops                                      ; 5000               ; 5000               ;
; Iteration limit for non-constant Verilog loops                                  ; 250                ; 250                ;
; Add Pass-Through Logic to Inferred RAMs                                         ; On                 ; On                 ;
; Infer RAMs from Raw Logic                                                       ; On                 ; On                 ;
; Parallel Synthesis                                                              ; On                 ; On                 ;
; DSP Block Balancing                                                             ; Auto               ; Auto               ;
; NOT Gate Push-Back                                                              ; On                 ; On                 ;
; Power-Up Don't Care                                                             ; On                 ; On                 ;
; Remove Redundant Logic Cells                                                    ; Off                ; Off                ;
; Remove Duplicate Registers                                                      ; On                 ; On                 ;
; Ignore CARRY Buffers                                                            ; Off                ; Off                ;
; Ignore CASCADE Buffers                                                          ; Off                ; Off                ;
; Ignore GLOBAL Buffers                                                           ; Off                ; Off                ;
; Ignore ROW GLOBAL Buffers                                                       ; Off                ; Off                ;
; Ignore LCELL Buffers                                                            ; Off                ; Off                ;
; Ignore SOFT Buffers                                                             ; On                 ; On                 ;
; Limit AHDL Integers to 32 Bits                                                  ; Off                ; Off                ;
; Optimization Technique                                                          ; Balanced           ; Balanced           ;
; Carry Chain Length                                                              ; 70                 ; 70                 ;
; Auto Carry Chains                                                               ; On                 ; On                 ;
; Auto Open-Drain Pins                                                            ; On                 ; On                 ;
; Perform WYSIWYG Primitive Resynthesis                                           ; Off                ; Off                ;
; Auto ROM Replacement                                                            ; On                 ; On                 ;
; Auto RAM Replacement                                                            ; On                 ; On                 ;
; Auto DSP Block Replacement                                                      ; On                 ; On                 ;
; Auto Shift Register Replacement                                                 ; Auto               ; Auto               ;
; Allow Shift Register Merging across Hierarchies                                 ; Auto               ; Auto               ;
; Auto Clock Enable Replacement                                                   ; On                 ; On                 ;
; Strict RAM Replacement                                                          ; Off                ; Off                ;
; Allow Synchronous Control Signals                                               ; On                 ; On                 ;
; Force Use of Synchronous Clear Signals                                          ; Off                ; Off                ;
; Auto Resource Sharing                                                           ; Off                ; Off                ;
; Allow Any RAM Size For Recognition                                              ; Off                ; Off                ;
; Allow Any ROM Size For Recognition                                              ; Off                ; Off                ;
; Allow Any Shift Register Size For Recognition                                   ; Off                ; Off                ;
; Use LogicLock Constraints during Resource Balancing                             ; On                 ; On                 ;
; Ignore translate_off and synthesis_off directives                               ; Off                ; Off                ;
; Timing-Driven Synthesis                                                         ; On                 ; On                 ;
; Report Parameter Settings                                                       ; On                 ; On                 ;
; Report Source Assignments                                                       ; On                 ; On                 ;
; Report Connectivity Checks                                                      ; On                 ; On                 ;
; Ignore Maximum Fan-Out Assignments                                              ; Off                ; Off                ;
; Synchronization Register Chain Length                                           ; 3                  ; 3                  ;
; Power Optimization During Synthesis                                             ; Normal compilation ; Normal compilation ;
; HDL message level                                                               ; Level2             ; Level2             ;
; Suppress Register Optimization Related Messages                                 ; Off                ; Off                ;
; Number of Removed Registers Reported in Synthesis Report                        ; 5000               ; 5000               ;
; Number of Swept Nodes Reported in Synthesis Report                              ; 5000               ; 5000               ;
; Number of Inverted Registers Reported in Synthesis Report                       ; 100                ; 100                ;
; Clock MUX Protection                                                            ; On                 ; On                 ;
; Auto Gated Clock Conversion                                                     ; Off                ; Off                ;
; Block Design Naming                                                             ; Auto               ; Auto               ;
; SDC constraint protection                                                       ; Off                ; Off                ;
; Synthesis Effort                                                                ; Auto               ; Auto               ;
; Shift Register Replacement - Allow Asynchronous Clear Signal                    ; On                 ; On                 ;
; Pre-Mapping Resynthesis Optimization                                            ; Off                ; Off                ;
; Analysis & Synthesis Message Level                                              ; Medium             ; Medium             ;
; Disable Register Merging Across Hierarchies                                     ; Auto               ; Auto               ;
; Resource Aware Inference For Block RAM                                          ; On                 ; On                 ;
; Automatic Parallel Synthesis                                                    ; On                 ; On                 ;
; Partial Reconfiguration Bitstream ID                                            ; Off                ; Off                ;
+---------------------------------------------------------------------------------+--------------------+--------------------+


+---------------------------------+
; Analysis & Elaboration Messages ;
+---------------------------------+
Info: *******************************************************************
Info: Running Quartus Prime Analysis & Elaboration
    Info: Version 20.1.0 Build 711 06/05/2020 SJ Lite Edition
    Info: Processing started: Sat Oct 10 19:25:07 2020
Info: Command: quartus_map --read_settings_files=on --write_settings_files=off Relogio -c Relogio --analysis_and_elaboration
Info (20030): Parallel compilation is enabled and will use 2 of the 2 processors detected
Info (12021): Found 2 design units, including 1 entities, in source file muxgenerico2x1.vhd
    Info (12022): Found design unit 1: muxGenerico2x1-comportamento File: C:/Users/mathe/OneDrive/햞ea de Trabalho/Projeto1-DesignComp/Relogio/muxGenerico2x1.vhd Line: 14
    Info (12023): Found entity 1: muxGenerico2x1 File: C:/Users/mathe/OneDrive/햞ea de Trabalho/Projeto1-DesignComp/Relogio/muxGenerico2x1.vhd Line: 4
Info (12021): Found 2 design units, including 1 entities, in source file registradorgenerico.vhd
    Info (12022): Found design unit 1: registradorGenerico-comportamento File: C:/Users/mathe/OneDrive/햞ea de Trabalho/Projeto1-DesignComp/Relogio/registradorGenerico.vhd Line: 16
    Info (12023): Found entity 1: registradorGenerico File: C:/Users/mathe/OneDrive/햞ea de Trabalho/Projeto1-DesignComp/Relogio/registradorGenerico.vhd Line: 4
Info (12021): Found 2 design units, including 1 entities, in source file somaconstante.vhd
    Info (12022): Found design unit 1: somaConstante-comportamento File: C:/Users/mathe/OneDrive/햞ea de Trabalho/Projeto1-DesignComp/Relogio/somaConstante.vhd Line: 17
    Info (12023): Found entity 1: somaConstante File: C:/Users/mathe/OneDrive/햞ea de Trabalho/Projeto1-DesignComp/Relogio/somaConstante.vhd Line: 6
Error (10500): VHDL syntax error at memoriaROM.vhd(24) near text ":";  expecting "(", or "'", or "." File: C:/Users/mathe/OneDrive/햞ea de Trabalho/Projeto1-DesignComp/Relogio/memoriaROM.vhd Line: 24
Error (10500): VHDL syntax error at memoriaROM.vhd(25) near text ":";  expecting "(", or "'", or "." File: C:/Users/mathe/OneDrive/햞ea de Trabalho/Projeto1-DesignComp/Relogio/memoriaROM.vhd Line: 25
Error (10500): VHDL syntax error at memoriaROM.vhd(26) near text ":";  expecting "(", or "'", or "." File: C:/Users/mathe/OneDrive/햞ea de Trabalho/Projeto1-DesignComp/Relogio/memoriaROM.vhd Line: 26
Error (10500): VHDL syntax error at memoriaROM.vhd(27) near text ":";  expecting "(", or "'", or "." File: C:/Users/mathe/OneDrive/햞ea de Trabalho/Projeto1-DesignComp/Relogio/memoriaROM.vhd Line: 27
Error (10500): VHDL syntax error at memoriaROM.vhd(28) near text ":";  expecting "(", or "'", or "." File: C:/Users/mathe/OneDrive/햞ea de Trabalho/Projeto1-DesignComp/Relogio/memoriaROM.vhd Line: 28
Error (10500): VHDL syntax error at memoriaROM.vhd(29) near text ":";  expecting "(", or "'", or "." File: C:/Users/mathe/OneDrive/햞ea de Trabalho/Projeto1-DesignComp/Relogio/memoriaROM.vhd Line: 29
Error (10500): VHDL syntax error at memoriaROM.vhd(30) near text ":";  expecting "(", or "'", or "." File: C:/Users/mathe/OneDrive/햞ea de Trabalho/Projeto1-DesignComp/Relogio/memoriaROM.vhd Line: 30
Error (10500): VHDL syntax error at memoriaROM.vhd(31) near text ":";  expecting "(", or "'", or "." File: C:/Users/mathe/OneDrive/햞ea de Trabalho/Projeto1-DesignComp/Relogio/memoriaROM.vhd Line: 31
Error (10500): VHDL syntax error at memoriaROM.vhd(32) near text ":";  expecting "(", or "'", or "." File: C:/Users/mathe/OneDrive/햞ea de Trabalho/Projeto1-DesignComp/Relogio/memoriaROM.vhd Line: 32
Error (10500): VHDL syntax error at memoriaROM.vhd(33) near text ":";  expecting "(", or "'", or "." File: C:/Users/mathe/OneDrive/햞ea de Trabalho/Projeto1-DesignComp/Relogio/memoriaROM.vhd Line: 33
Error (10500): VHDL syntax error at memoriaROM.vhd(34) near text ":";  expecting "(", or "'", or "." File: C:/Users/mathe/OneDrive/햞ea de Trabalho/Projeto1-DesignComp/Relogio/memoriaROM.vhd Line: 34
Error (10500): VHDL syntax error at memoriaROM.vhd(35) near text ":";  expecting "(", or "'", or "." File: C:/Users/mathe/OneDrive/햞ea de Trabalho/Projeto1-DesignComp/Relogio/memoriaROM.vhd Line: 35
Error (10500): VHDL syntax error at memoriaROM.vhd(36) near text ":";  expecting "(", or "'", or "." File: C:/Users/mathe/OneDrive/햞ea de Trabalho/Projeto1-DesignComp/Relogio/memoriaROM.vhd Line: 36
Error (10500): VHDL syntax error at memoriaROM.vhd(37) near text ":";  expecting "(", or "'", or "." File: C:/Users/mathe/OneDrive/햞ea de Trabalho/Projeto1-DesignComp/Relogio/memoriaROM.vhd Line: 37
Error (10500): VHDL syntax error at memoriaROM.vhd(38) near text ":";  expecting "(", or "'", or "." File: C:/Users/mathe/OneDrive/햞ea de Trabalho/Projeto1-DesignComp/Relogio/memoriaROM.vhd Line: 38
Error (10500): VHDL syntax error at memoriaROM.vhd(39) near text ":";  expecting "(", or "'", or "." File: C:/Users/mathe/OneDrive/햞ea de Trabalho/Projeto1-DesignComp/Relogio/memoriaROM.vhd Line: 39
Error (10500): VHDL syntax error at memoriaROM.vhd(40) near text ":";  expecting "(", or "'", or "." File: C:/Users/mathe/OneDrive/햞ea de Trabalho/Projeto1-DesignComp/Relogio/memoriaROM.vhd Line: 40
Error (10500): VHDL syntax error at memoriaROM.vhd(41) near text ":";  expecting "(", or "'", or "." File: C:/Users/mathe/OneDrive/햞ea de Trabalho/Projeto1-DesignComp/Relogio/memoriaROM.vhd Line: 41
Error (10500): VHDL syntax error at memoriaROM.vhd(42) near text ":";  expecting "(", or "'", or "." File: C:/Users/mathe/OneDrive/햞ea de Trabalho/Projeto1-DesignComp/Relogio/memoriaROM.vhd Line: 42
Info (12021): Found 0 design units, including 0 entities, in source file memoriarom.vhd
Info (12021): Found 2 design units, including 1 entities, in source file relogio.vhd
    Info (12022): Found design unit 1: Relogio-arch_name File: C:/Users/mathe/OneDrive/햞ea de Trabalho/Projeto1-DesignComp/Relogio/Relogio.vhd Line: 18
    Info (12023): Found entity 1: Relogio File: C:/Users/mathe/OneDrive/햞ea de Trabalho/Projeto1-DesignComp/Relogio/Relogio.vhd Line: 5
Info (12021): Found 2 design units, including 1 entities, in source file fluxodados.vhd
    Info (12022): Found design unit 1: fluxoDados-arch_name File: C:/Users/mathe/OneDrive/햞ea de Trabalho/Projeto1-DesignComp/Relogio/fluxoDados.vhd Line: 25
    Info (12023): Found entity 1: fluxoDados File: C:/Users/mathe/OneDrive/햞ea de Trabalho/Projeto1-DesignComp/Relogio/fluxoDados.vhd Line: 5
Info (12021): Found 2 design units, including 1 entities, in source file flipflop.vhd
    Info (12022): Found design unit 1: flipFlop-comportamento File: C:/Users/mathe/OneDrive/햞ea de Trabalho/Projeto1-DesignComp/Relogio/flipFlop.vhd Line: 16
    Info (12023): Found entity 1: flipFlop File: C:/Users/mathe/OneDrive/햞ea de Trabalho/Projeto1-DesignComp/Relogio/flipFlop.vhd Line: 4
Info (12021): Found 2 design units, including 1 entities, in source file ula.vhd
    Info (12022): Found design unit 1: ULA-comportamento File: C:/Users/mathe/OneDrive/햞ea de Trabalho/Projeto1-DesignComp/Relogio/ULA.vhd Line: 17
    Info (12023): Found entity 1: ULA File: C:/Users/mathe/OneDrive/햞ea de Trabalho/Projeto1-DesignComp/Relogio/ULA.vhd Line: 5
Info (12021): Found 2 design units, including 1 entities, in source file unidade_controle.vhd
    Info (12022): Found design unit 1: Unidade_Controle-arch_name File: C:/Users/mathe/OneDrive/햞ea de Trabalho/Projeto1-DesignComp/Relogio/Unidade_Controle.vhd Line: 19
    Info (12023): Found entity 1: Unidade_Controle File: C:/Users/mathe/OneDrive/햞ea de Trabalho/Projeto1-DesignComp/Relogio/Unidade_Controle.vhd Line: 5
Info (12021): Found 2 design units, including 1 entities, in source file processador.vhd
    Info (12022): Found design unit 1: processador-arch_name File: C:/Users/mathe/OneDrive/햞ea de Trabalho/Projeto1-DesignComp/Relogio/processador.vhd Line: 22
    Info (12023): Found entity 1: processador File: C:/Users/mathe/OneDrive/햞ea de Trabalho/Projeto1-DesignComp/Relogio/processador.vhd Line: 5
Info (12021): Found 2 design units, including 1 entities, in source file conversorhex7seg.vhd
    Info (12022): Found design unit 1: conversorHex7Seg-comportamento File: C:/Users/mathe/OneDrive/햞ea de Trabalho/Projeto1-DesignComp/Relogio/conversorHex7Seg.vhd Line: 14
    Info (12023): Found entity 1: conversorHex7Seg File: C:/Users/mathe/OneDrive/햞ea de Trabalho/Projeto1-DesignComp/Relogio/conversorHex7Seg.vhd Line: 4
Info (12021): Found 2 design units, including 1 entities, in source file bancoregistradoresarqregmem.vhd
    Info (12022): Found design unit 1: bancoRegistradoresArqRegMem-comportamento File: C:/Users/mathe/OneDrive/햞ea de Trabalho/Projeto1-DesignComp/Relogio/bancoRegistradoresArqRegMem.vhd Line: 21
    Info (12023): Found entity 1: bancoRegistradoresArqRegMem File: C:/Users/mathe/OneDrive/햞ea de Trabalho/Projeto1-DesignComp/Relogio/bancoRegistradoresArqRegMem.vhd Line: 5
Info (12021): Found 2 design units, including 1 entities, in source file decodificador.vhd
    Info (12022): Found design unit 1: decodificador-arch_name File: C:/Users/mathe/OneDrive/햞ea de Trabalho/Projeto1-DesignComp/Relogio/decodificador.vhd Line: 24
    Info (12023): Found entity 1: decodificador File: C:/Users/mathe/OneDrive/햞ea de Trabalho/Projeto1-DesignComp/Relogio/decodificador.vhd Line: 5
Info (12021): Found 2 design units, including 1 entities, in source file interfacechaves.vhd
    Info (12022): Found design unit 1: interfaceCHAVES-comportamento File: C:/Users/mathe/OneDrive/햞ea de Trabalho/Projeto1-DesignComp/Relogio/interfaceCHAVES.vhd Line: 15
    Info (12023): Found entity 1: interfaceCHAVES File: C:/Users/mathe/OneDrive/햞ea de Trabalho/Projeto1-DesignComp/Relogio/interfaceCHAVES.vhd Line: 4
Info (12021): Found 2 design units, including 1 entities, in source file divisorgenerico.vhd
    Info (12022): Found design unit 1: divisorGenerico-divInteiro File: C:/Users/mathe/OneDrive/햞ea de Trabalho/Projeto1-DesignComp/Relogio/divisorGenerico.vhd Line: 15
    Info (12023): Found entity 1: divisorGenerico File: C:/Users/mathe/OneDrive/햞ea de Trabalho/Projeto1-DesignComp/Relogio/divisorGenerico.vhd Line: 5
Info (12021): Found 2 design units, including 1 entities, in source file divisorgenerico_e_interface.vhd
    Info (12022): Found design unit 1: divisorGenerico_e_Interface-interface File: C:/Users/mathe/OneDrive/햞ea de Trabalho/Projeto1-DesignComp/Relogio/divisorGenerico_e_Interface.vhd Line: 14
    Info (12023): Found entity 1: divisorGenerico_e_Interface File: C:/Users/mathe/OneDrive/햞ea de Trabalho/Projeto1-DesignComp/Relogio/divisorGenerico_e_Interface.vhd Line: 5
Info (12021): Found 2 design units, including 1 entities, in source file interfacedisplays.vhd
    Info (12022): Found design unit 1: interfaceDISPLAYS-arch_name File: C:/Users/mathe/OneDrive/햞ea de Trabalho/Projeto1-DesignComp/Relogio/interfaceDISPLAYS.vhd Line: 17
    Info (12023): Found entity 1: interfaceDISPLAYS File: C:/Users/mathe/OneDrive/햞ea de Trabalho/Projeto1-DesignComp/Relogio/interfaceDISPLAYS.vhd Line: 5
Info (12021): Found 2 design units, including 1 entities, in source file interfacebotoes.vhd
    Info (12022): Found design unit 1: interfaceBOTOES-comportamento File: C:/Users/mathe/OneDrive/햞ea de Trabalho/Projeto1-DesignComp/Relogio/interfaceBOTOES.vhd Line: 15
    Info (12023): Found entity 1: interfaceBOTOES File: C:/Users/mathe/OneDrive/햞ea de Trabalho/Projeto1-DesignComp/Relogio/interfaceBOTOES.vhd Line: 4
Error: Quartus Prime Analysis & Elaboration was unsuccessful. 19 errors, 0 warnings
    Error: Peak virtual memory: 4826 megabytes
    Error: Processing ended: Sat Oct 10 19:25:26 2020
    Error: Elapsed time: 00:00:19
    Error: Total CPU time (on all processors): 00:00:24


